<?xml version="1.0" encoding="UTF-8"?>
<testng-results ignored="0" total="2" passed="2" failed="0" skipped="0">
  <reporter-output>
  </reporter-output>
  <suite started-at="2023-02-01T20:51:30 SGT" name="Default suite" finished-at="2023-02-01T20:51:32 SGT" duration-ms="2051">
    <groups>
    </groups>
    <test started-at="2023-02-01T20:51:30 SGT" name="Default test" finished-at="2023-02-01T20:51:32 SGT" duration-ms="2051">
      <class name="test.selenium.NewTest">
        <test-method is-config="true" signature="beforeTest()[pri:0, instance:test.selenium.NewTest@6f46426d]" started-at="2023-02-01T20:51:30 SGT" name="beforeTest" finished-at="2023-02-01T20:51:31 SGT" duration-ms="847" status="PASS">
          <reporter-output>
          </reporter-output>
        </test-method> <!-- beforeTest -->
        <test-method signature="checkId()[pri:0, instance:test.selenium.NewTest@6f46426d]" started-at="2023-02-01T20:51:31 SGT" name="checkId" finished-at="2023-02-01T20:51:32 SGT" duration-ms="425" status="PASS">
          <reporter-output>
          </reporter-output>
        </test-method> <!-- checkId -->
        <test-method signature="checkTitle()[pri:0, instance:test.selenium.NewTest@6f46426d]" started-at="2023-02-01T20:51:32 SGT" name="checkTitle" finished-at="2023-02-01T20:51:32 SGT" duration-ms="647" status="PASS">
          <reporter-output>
          </reporter-output>
        </test-method> <!-- checkTitle -->
        <test-method is-config="true" signature="afterTest()[pri:0, instance:test.selenium.NewTest@6f46426d]" started-at="2023-02-01T20:51:32 SGT" name="afterTest" finished-at="2023-02-01T20:51:32 SGT" duration-ms="112" status="PASS">
          <reporter-output>
          </reporter-output>
        </test-method> <!-- afterTest -->
      </class> <!-- test.selenium.NewTest -->
    </test> <!-- Default test -->
  </suite> <!-- Default suite -->
</testng-results>
